2018-05-03 21:18:04  INFO ContestServiceRunnable:58 - 111111110vs111111111-contest-0 begin!
2018-05-03 21:18:04  INFO ContestServiceRunnable:58 - 111111114vs111111113-contest-1 begin!
2018-05-03 21:18:04  INFO ContestServiceRunnable:67 - 111111110vs111111111-contest-0 round 0 start
2018-05-03 21:18:04  INFO ContestServiceRunnable:67 - 111111114vs111111113-contest-1 round 0 start
2018-05-03 21:18:05  INFO ContestServiceRunnable:313 - 111111110vs111111111-contest-0 round 0 end
2018-05-03 21:18:05  INFO ContestServiceRunnable:67 - 111111110vs111111111-contest-0 round 1 start
2018-05-03 21:18:05  INFO ContestServiceRunnable:313 - 111111114vs111111113-contest-1 round 0 end
2018-05-03 21:18:05  INFO ContestServiceRunnable:67 - 111111114vs111111113-contest-1 round 1 start
2018-05-03 21:18:06  INFO ContestServiceRunnable:313 - 111111110vs111111111-contest-0 round 1 end
2018-05-03 21:18:06  INFO ContestServiceRunnable:67 - 111111110vs111111111-contest-0 round 2 start
2018-05-03 21:18:08  INFO ContestServiceRunnable:313 - 111111114vs111111113-contest-1 round 1 end
2018-05-03 21:18:08  INFO ContestServiceRunnable:67 - 111111114vs111111113-contest-1 round 2 start
2018-05-03 21:18:08  INFO ContestServiceRunnable:313 - 111111110vs111111111-contest-0 round 2 end
2018-05-03 21:18:08  INFO ContestServiceRunnable:341 - 111111110vs111111111-contest-0 game over
2018-05-03 21:18:08  INFO ContestServiceRunnable:348 - 111111110vs111111111-contest-0 result saved!
2018-05-03 21:18:08  INFO ContestServiceRunnable:353 - 111111110vs111111111-contest-0 record save completed!
2018-05-03 21:18:09  INFO ContestServiceRunnable:313 - 111111114vs111111113-contest-1 round 2 end
2018-05-03 21:18:09  INFO ContestServiceRunnable:341 - 111111114vs111111113-contest-1 game over
2018-05-03 21:18:09  INFO ContestServiceRunnable:348 - 111111114vs111111113-contest-1 result saved!
2018-05-03 21:18:09  INFO ContestServiceRunnable:353 - 111111114vs111111113-contest-1 record save completed!
2018-05-03 21:19:56  INFO ContestServiceRunnable:58 - 111111111vs111111112-contest-2 begin!
2018-05-03 21:19:56  INFO ContestServiceRunnable:67 - 111111111vs111111112-contest-2 round 0 start
2018-05-03 21:19:57  INFO ContestServiceRunnable:313 - 111111111vs111111112-contest-2 round 0 end
2018-05-03 21:19:57  INFO ContestServiceRunnable:67 - 111111111vs111111112-contest-2 round 1 start
2018-05-03 21:19:58  INFO ContestServiceRunnable:313 - 111111111vs111111112-contest-2 round 1 end
2018-05-03 21:19:58  INFO ContestServiceRunnable:67 - 111111111vs111111112-contest-2 round 2 start
2018-05-03 21:20:00  INFO ContestServiceRunnable:313 - 111111111vs111111112-contest-2 round 2 end
2018-05-03 21:20:00  INFO ContestServiceRunnable:341 - 111111111vs111111112-contest-2 game over
2018-05-03 21:20:00  INFO ContestServiceRunnable:348 - 111111111vs111111112-contest-2 result saved!
2018-05-03 21:20:00  INFO ContestServiceRunnable:353 - 111111111vs111111112-contest-2 record save completed!
